<?xml version="1.0" encoding="UTF-8"?>
<!-- Generated by org.testng.reporters.JUnitXMLReporter -->
<testsuite hostname="uppi-PC" name="Test" tests="2" failures="1" timestamp="5 Aug 2016 17:25:15 GMT" time="61.459" errors="0">
  <testcase name="@AfterClass afterClass" time="0.0" classname="com.selenium.testNG.practice.TestNGDemo">
    <failure type="org.openqa.selenium.remote.SessionNotFoundException" message="The FirefoxDriver cannot be used after quit() was called.
Build info: version: &amp;apos;2.53.1&amp;apos;, revision: &amp;apos;a36b8b1&amp;apos;, time: &amp;apos;2016-06-30 17:37:03&amp;apos;
System info: host: &amp;apos;uppi-PC&amp;apos;, ip: &amp;apos;192.168.231.1&amp;apos;, os.name: &amp;apos;Windows 10&amp;apos;, os.arch: &amp;apos;amd64&amp;apos;, os.version: &amp;apos;10.0&amp;apos;, java.version: &amp;apos;1.8.0_101&amp;apos;
Driver info: driver.version: RemoteWebDriver">
      <![CDATA[org.openqa.selenium.remote.SessionNotFoundException: The FirefoxDriver cannot be used after quit() was called.
Build info: version: '2.53.1', revision: 'a36b8b1', time: '2016-06-30 17:37:03'
System info: host: 'uppi-PC', ip: '192.168.231.1', os.name: 'Windows 10', os.arch: 'amd64', os.version: '10.0', java.version: '1.8.0_101'
Driver info: driver.version: RemoteWebDriver
	at org.openqa.selenium.firefox.FirefoxDriver$LazyCommandExecutor.execute(FirefoxDriver.java:377)
	at org.openqa.selenium.remote.RemoteWebDriver.execute(RemoteWebDriver.java:644)
	at org.openqa.selenium.remote.RemoteWebDriver.execute(RemoteWebDriver.java:701)
	at org.openqa.selenium.remote.RemoteWebDriver.close(RemoteWebDriver.java:521)
	at com.selenium.testNG.practice.TestNGDemo.afterClass(TestNGDemo.java:35)
... Removed 25 stack frames]]>
    </failure>
  </testcase> <!-- @AfterClass afterClass -->
  <testcase name="f" time="12.356" classname="com.selenium.testNG.practice.TestNGDemo">
    <failure type="org.junit.ComparisonFailure" message="expected:&amp;lt;http[://www.ebay.co.uk/]&amp;gt; but was:&amp;lt;http[s://ebay.co.uk]&amp;gt;">
      <![CDATA[org.junit.ComparisonFailure: expected:<http[://www.ebay.co.uk/]> but was:<http[s://ebay.co.uk]>
	at org.junit.Assert.assertEquals(Assert.java:115)
	at org.junit.Assert.assertEquals(Assert.java:144)
	at com.selenium.testNG.practice.TestNGDemo.f(TestNGDemo.java:27)
... Removed 25 stack frames]]>
    </failure>
  </testcase> <!-- f -->
  <testcase name="f" time="4.476" classname="com.selenium.testNG.practice.NewTest"/>
</testsuite> <!-- Test -->
